<?xml version="1.0" encoding="UTF-8"?>
<!-- Generated by org.testng.reporters.JUnitReportReporter -->
<testsuite skipped="0" hostname="DESKTOP-UKO5G7H" name="com.training.sanity.tests.createCourseTest" tests="1" failures="0" timestamp="2020-07-14T17:19:38 IST" time="78.211" errors="0">
  <testcase name="CreateSessionCategories" time="78.211" classname="com.training.sanity.tests.createCourseTest"/>
  <system-out/>
</testsuite> <!-- com.training.sanity.tests.createCourseTest -->
