<?xml version="1.0" encoding="UTF-8"?>
<!-- Generated by org.testng.reporters.JUnitReportReporter -->
<testsuite skipped="0" hostname="DESKTOP-UKO5G7H" name="com.training.sanity.tests.studentRegistrationwithInvalidCredentialsTest" tests="4" failures="0" timestamp="2020-07-14T16:51:20 IST" time="59.280" errors="0">
  <testcase name="StudentRegistrationwithInvalidCredentials" time="11.742" classname="com.training.sanity.tests.studentRegistrationwithInvalidCredentialsTest"/>
  <system-out/>
  <testcase name="StudentRegistrationwithInvalidCredentials" time="14.535" classname="com.training.sanity.tests.studentRegistrationwithInvalidCredentialsTest"/>
  <system-out/>
  <testcase name="StudentRegistrationwithInvalidCredentials" time="19.103" classname="com.training.sanity.tests.studentRegistrationwithInvalidCredentialsTest"/>
  <system-out/>
  <testcase name="StudentRegistrationwithInvalidCredentials" time="13.900" classname="com.training.sanity.tests.studentRegistrationwithInvalidCredentialsTest"/>
  <system-out/>
</testsuite> <!-- com.training.sanity.tests.studentRegistrationwithInvalidCredentialsTest -->
