<?xml version="1.0" encoding="UTF-8"?>
<!-- Generated by org.testng.reporters.JUnitReportReporter -->
<testsuite skipped="0" hostname="DESKTOP-UKO5G7H" name="com.training.sanity.tests.reportGenerationTeacherTest" tests="1" failures="0" timestamp="2020-07-06T15:59:08 IST" time="65.492" errors="0">
  <testcase name="Registratingnewcourse" time="65.492" classname="com.training.sanity.tests.reportGenerationTeacherTest"/>
  <system-out/>
</testsuite> <!-- com.training.sanity.tests.reportGenerationTeacherTest -->
