<?xml version="1.0" encoding="UTF-8"?>
<!-- Generated by org.testng.reporters.JUnitReportReporter -->
<testsuite skipped="0" hostname="DESKTOP-UKO5G7H" name="com.training.sanity.tests.reportGenerationTest" tests="1" failures="0" timestamp="2020-07-06T15:23:38 IST" time="30.399" errors="0">
  <testcase name="Registratingnewcourse" time="30.399" classname="com.training.sanity.tests.reportGenerationTest"/>
  <system-out/>
</testsuite> <!-- com.training.sanity.tests.reportGenerationTest -->
