<?xml version="1.0" encoding="UTF-8"?>
<!-- Generated by org.testng.reporters.JUnitReportReporter -->
<testsuite skipped="0" hostname="DESKTOP-UKO5G7H" name="com.training.sanity.tests.LoginoneTest" tests="1" failures="0" timestamp="2020-06-24T11:23:07 IST" time="18.728" errors="0">
  <testcase name="validLoginTest" time="18.728" classname="com.training.sanity.tests.LoginoneTest"/>
  <system-out/>
</testsuite> <!-- com.training.sanity.tests.LoginoneTest -->
