<?xml version="1.0" encoding="UTF-8"?>
<!-- Generated by org.testng.reporters.JUnitReportReporter -->
<testsuite skipped="0" hostname="DESKTOP-UKO5G7H" name="com.training.sanity.tests.sessionCategoriesTest" tests="1" failures="0" timestamp="2020-07-06T16:26:11 IST" time="99.208" errors="0">
  <testcase name="CreateSessionCategories" time="99.208" classname="com.training.sanity.tests.sessionCategoriesTest"/>
  <system-out/>
</testsuite> <!-- com.training.sanity.tests.sessionCategoriesTest -->
