<?xml version="1.0" encoding="UTF-8"?>
<!-- Generated by org.testng.reporters.JUnitReportReporter -->
<testsuite skipped="0" hostname="DESKTOP-UKO5G7H" name="com.training.sanity.tests.courseCategoriesTest" tests="1" failures="0" timestamp="2020-07-13T11:05:51 IST" time="27.555" errors="0">
  <testcase name="Registratingnewcourse" time="27.555" classname="com.training.sanity.tests.courseCategoriesTest"/>
  <system-out/>
</testsuite> <!-- com.training.sanity.tests.courseCategoriesTest -->
