<?xml version="1.0" encoding="UTF-8"?>
<!-- Generated by org.testng.reporters.JUnitReportReporter -->
<testsuite skipped="0" hostname="DESKTOP-UKO5G7H" name="com.training.regression.tests.LoginExcelTest" tests="2" failures="0" timestamp="2020-07-06T10:12:01 IST" time="30.046" errors="0">
  <testcase name="loginDBTest" time="14.202" classname="com.training.regression.tests.LoginExcelTest"/>
  <system-out/>
  <testcase name="loginDBTest" time="15.844" classname="com.training.regression.tests.LoginExcelTest"/>
  <system-out/>
</testsuite> <!-- com.training.regression.tests.LoginExcelTest -->
