<?xml version="1.0" encoding="UTF-8"?>
<!-- Generated by org.testng.reporters.JUnitReportReporter -->
<testsuite skipped="0" hostname="DESKTOP-UKO5G7H" name="com.training.regression.tests.LoginDBTest" tests="3" failures="0" timestamp="2020-07-08T10:42:34 IST" time="50.480" errors="0">
  <testcase name="loginDBTest" time="18.000" classname="com.training.regression.tests.LoginDBTest"/>
  <system-out/>
  <testcase name="loginDBTest" time="17.198" classname="com.training.regression.tests.LoginDBTest"/>
  <system-out/>
  <testcase name="loginDBTest" time="15.282" classname="com.training.regression.tests.LoginDBTest"/>
  <system-out/>
</testsuite> <!-- com.training.regression.tests.LoginDBTest -->
