<?xml version="1.0" encoding="UTF-8"?>
<!-- Generated by org.testng.reporters.JUnitReportReporter -->
<testsuite skipped="0" hostname="DESKTOP-UKO5G7H" name="com.training.sanity.tests.AddCourseTouserTest" tests="1" failures="0" timestamp="2020-06-29T10:52:47 IST" time="20.748" errors="0">
  <testcase name="Registratingnewcourse" time="20.748" classname="com.training.sanity.tests.AddCourseTouserTest"/>
  <system-out/>
</testsuite> <!-- com.training.sanity.tests.AddCourseTouserTest -->
