<?xml version="1.0" encoding="UTF-8"?>
<!-- Generated by org.testng.reporters.JUnitReportReporter -->
<testsuite skipped="0" hostname="DESKTOP-UKO5G7H" name="com.training.sanity.tests.RegistrationTest" tests="1" failures="0" timestamp="2020-06-29T13:10:00 IST" time="38.062" errors="0">
  <testcase name="Registratingnewcourse" time="38.062" classname="com.training.sanity.tests.RegistrationTest"/>
  <system-out/>
</testsuite> <!-- com.training.sanity.tests.RegistrationTest -->
