<?xml version="1.0" encoding="UTF-8"?>
<!-- Generated by org.testng.reporters.JUnitReportReporter -->
<testsuite skipped="0" hostname="DESKTOP-UKO5G7H" name="com.training.sanity.tests.dataBaseValidation" tests="1" failures="0" timestamp="2020-07-14T14:58:02 IST" time="18.418" errors="0">
  <testcase name="dataBasevalidations" time="18.418" classname="com.training.sanity.tests.dataBaseValidation"/>
  <system-out/>
</testsuite> <!-- com.training.sanity.tests.dataBaseValidation -->
