<?xml version="1.0" encoding="UTF-8"?>
<!-- Generated by org.testng.reporters.JUnitReportReporter -->
<testsuite skipped="0" hostname="DESKTOP-UKO5G7H" name="com.training.sanity.tests.reportGenerationStudentTest" tests="1" failures="0" timestamp="2020-07-06T16:34:54 IST" time="81.606" errors="0">
  <testcase name="ReportGenerationStudent" time="81.606" classname="com.training.sanity.tests.reportGenerationStudentTest"/>
  <system-out/>
</testsuite> <!-- com.training.sanity.tests.reportGenerationStudentTest -->
