<?xml version="1.0" encoding="UTF-8"?>
<!-- Generated by org.testng.reporters.JUnitReportReporter -->
<testsuite skipped="0" hostname="DESKTOP-UKO5G7H" name="com.training.sanity.tests.courseCategoriesTest" tests="1" failures="0" timestamp="2020-06-29T12:36:40 IST" time="22.180" errors="0">
  <testcase name="Registratingnewcourse" time="22.180" classname="com.training.sanity.tests.courseCategoriesTest"/>
  <system-out/>
</testsuite> <!-- com.training.sanity.tests.courseCategoriesTest -->
